<?xml version="1.0" encoding="UTF-8"?>
<!-- Generated by org.testng.reporters.JUnitReportReporter -->
<testsuite skipped="0" hostname="Ashok-Urmila" name="com.Automation" tests="1" failures="0" timestamp="05 Mar 2021 10:05:14 GMT" time="167.531" errors="0">
  <testcase name="composeAndSendEmail" time="167.531" classname="com.Automation"/>
</testsuite> <!-- com.Automation -->
