<?xml version="1.0" encoding="UTF-8"?>
<!-- Generated by org.testng.reporters.JUnitReportReporter -->
<testsuite skipped="0" hostname="Ashok-Urmila" name="com.TestGmail" tests="1" failures="0" timestamp="05 Mar 2021 17:27:44 GMT" time="45.623" errors="0">
  <testcase name="login" time="45.623" classname="com.TestGmail"/>
</testsuite> <!-- com.TestGmail -->
